<?xml version="1.0" encoding="UTF-8" ?>
<testsuite tests="3" failures="0" name="lv.javaguru.java2.database.jdbc.UserDAOImplTest" time="0.593" errors="0" skipped="0">
  <properties>
[...]
</properties>
  <testcase classname="lv.javaguru.java2.database.jdbc.UserDAOImplTest" name="testDeleteUser" time="0.198"/>
  <testcase classname="lv.javaguru.java2.database.jdbc.UserDAOImplTest" name="testMultipleUserCreation" time="0.282"/>
  <testcase classname="lv.javaguru.java2.database.jdbc.UserDAOImplTest" name="testCreate" time="0.108"/>
</testsuite>